<?xml version="1.0" encoding="UTF-8"?>
<testng-results ignored="0" total="1" passed="1" failed="0" skipped="0">
  <reporter-output>
  </reporter-output>
  <suite started-at="2020-11-15T12:45:54Z" name="TestSuite" finished-at="2020-11-15T12:46:16Z" duration-ms="22680">
    <groups>
      <group name="cucumber">
        <method signature="AbstractTestNGCucumberTests.feature(cucumber.api.testng.CucumberFeatureWrapper)[pri:0, instance:TestRunner.PodPointRunner@4d339552]" name="feature" class="cucumber.api.testng.AbstractTestNGCucumberTests"/>
      </group> <!-- cucumber -->
    </groups>
    <test started-at="2020-11-15T12:45:54Z" name="PodPointPriceTest" finished-at="2020-11-15T12:46:16Z" duration-ms="22680">
      <class name="TestRunner.PodPointRunner">
        <test-method is-config="true" signature="setUpClass()[pri:0, instance:TestRunner.PodPointRunner@4d339552]" started-at="2020-11-15T12:45:54Z" name="setUpClass" finished-at="2020-11-15T12:45:54Z" duration-ms="285" status="PASS">
          <reporter-output>
          </reporter-output>
        </test-method> <!-- setUpClass -->
        <test-method signature="feature(cucumber.api.testng.CucumberFeatureWrapper)[pri:0, instance:TestRunner.PodPointRunner@4d339552]" started-at="2020-11-15T12:45:54Z" name="feature" description="Runs Cucumber Feature" data-provider="features" finished-at="2020-11-15T12:46:16Z" duration-ms="22255" status="PASS">
          <params>
            <param index="0">
              <value>
                <![CDATA[User checks and verify pod-point price while not eligable to claim the dealership discount]]>
              </value>
            </param>
          </params>
          <reporter-output>
          </reporter-output>
        </test-method> <!-- feature -->
        <test-method is-config="true" signature="tearDownClass()[pri:0, instance:TestRunner.PodPointRunner@4d339552]" started-at="2020-11-15T12:46:16Z" name="tearDownClass" finished-at="2020-11-15T12:46:16Z" duration-ms="24" status="PASS">
          <reporter-output>
          </reporter-output>
        </test-method> <!-- tearDownClass -->
      </class> <!-- TestRunner.PodPointRunner -->
    </test> <!-- PodPointPriceTest -->
  </suite> <!-- TestSuite -->
</testng-results>
