<?xml version="1.0" encoding="UTF-8"?>
<testng-results skipped="0" failed="0" ignored="0" total="1" passed="1">
  <reporter-output>
  </reporter-output>
  <suite name="TestSuite" duration-ms="21763" started-at="2020-11-15T12:00:36Z" finished-at="2020-11-15T12:00:58Z">
    <groups>
      <group name="cucumber">
        <method signature="AbstractTestNGCucumberTests.feature(cucumber.api.testng.CucumberFeatureWrapper)[pri:0, instance:TestRunner.PodPointRunner@6fd02e5]" name="feature" class="cucumber.api.testng.AbstractTestNGCucumberTests"/>
      </group> <!-- cucumber -->
    </groups>
    <test name="PodPointPriceTest" duration-ms="21763" started-at="2020-11-15T12:00:36Z" finished-at="2020-11-15T12:00:58Z">
      <class name="TestRunner.PodPointRunner">
        <test-method status="PASS" signature="setUpClass()[pri:0, instance:TestRunner.PodPointRunner@6fd02e5]" name="setUpClass" is-config="true" duration-ms="298" started-at="2020-11-15T12:00:36Z" finished-at="2020-11-15T12:00:37Z">
          <reporter-output>
          </reporter-output>
        </test-method> <!-- setUpClass -->
        <test-method status="PASS" signature="feature(cucumber.api.testng.CucumberFeatureWrapper)[pri:0, instance:TestRunner.PodPointRunner@6fd02e5]" name="feature" duration-ms="21337" started-at="2020-11-15T12:00:37Z" description="Runs Cucumber Feature" data-provider="features" finished-at="2020-11-15T12:00:58Z">
          <params>
            <param index="0">
              <value>
                <![CDATA[User checks and verify pod-point price while not eligable to claim the dealership discount]]>
              </value>
            </param>
          </params>
          <reporter-output>
          </reporter-output>
        </test-method> <!-- feature -->
        <test-method status="PASS" signature="tearDownClass()[pri:0, instance:TestRunner.PodPointRunner@6fd02e5]" name="tearDownClass" is-config="true" duration-ms="16" started-at="2020-11-15T12:00:58Z" finished-at="2020-11-15T12:00:58Z">
          <reporter-output>
          </reporter-output>
        </test-method> <!-- tearDownClass -->
      </class> <!-- TestRunner.PodPointRunner -->
    </test> <!-- PodPointPriceTest -->
  </suite> <!-- TestSuite -->
</testng-results>
